Math OCR debug
==============
venv: /home/hjalte/.local/share/pix2tex-venv
install log: /home/hjalte/.cache/pix2tex-install.log
python3.11: /etc/profiles/per-user/hjalte/bin/python3.11

Venv Python:
Python 3.11.15

pix2tex executable:
/home/hjalte/.local/share/pix2tex-venv/bin/pix2tex
usage: pix2tex [-h] [-t TEMPERATURE] [-c CONFIG] [-m CHECKPOINT] [--no-cuda]
               [--no-resize] [-s] [-k] [--gui]
               [file ...]

positional arguments:
  file                  Predict LaTeX code from image file instead of
                        clipboard (cli only)

options:
  -h, --help            show this help message and exit
  -t TEMPERATURE, --temperature TEMPERATURE
                        Softmax sampling frequency
  -c CONFIG, --config CONFIG
                        path to config file
  -m CHECKPOINT, --checkpoint CHECKPOINT
                        path to weights file
  --no-cuda             Compute on CPU
  --no-resize           Resize the image beforehand
  -s, --show            Show the rendered predicted latex code (cli only)
  -k, --katex           Render the latex code in the browser (cli only)
  --gui                 Use GUI (gui only)

Installed packages:
Name: pix2tex
Version: 0.1.4
Summary: pix2tex: Using a ViT to convert images of equations into LaTeX code.
Home-page: https://github.com/lukas-blecher/LaTeX-OCR/
Author: Lukas Blecher
Author-email: luk.blecher@gmail.com
License: MIT
Location: /home/hjalte/.local/share/pix2tex-venv/lib/python3.11/site-packages
Requires: albumentations, einops, munch, numpy, opencv-python-headless, pandas, Pillow, PyYAML, requests, timm, tokenizers, torch, tqdm, transformers, x-transformers
Required-by: 
---
Name: torch
Version: 2.11.0
Summary: Tensors and Dynamic neural networks in Python with strong GPU acceleration
Home-page: https://pytorch.org
Author: 
Author-email: PyTorch Team <packages@pytorch.org>
License: BSD-3-Clause
Location: /home/hjalte/.local/share/pix2tex-venv/lib/python3.11/site-packages
Requires: cuda-bindings, cuda-toolkit, filelock, fsspec, jinja2, networkx, nvidia-cudnn-cu13, nvidia-cusparselt-cu13, nvidia-nccl-cu13, nvidia-nvshmem-cu13, setuptools, sympy, triton, typing-extensions
Required-by: entmax, pix2tex, timm, torchvision, x-transformers
---
Name: torchvision
Version: 0.26.0
Summary: image and video datasets and models for torch deep learning
Home-page: https://github.com/pytorch/vision
Author: PyTorch Core Team
Author-email: soumith@pytorch.org
License: BSD
Location: /home/hjalte/.local/share/pix2tex-venv/lib/python3.11/site-packages
Requires: numpy, pillow, torch
Required-by: timm
---
Name: transformers
Version: 5.8.0
Summary: Transformers: the model-definition framework for state-of-the-art machine learning models in text, vision, audio, and multimodal models, for both inference and training.
Home-page: https://github.com/huggingface/transformers
Author: The Hugging Face team (past and future) with the help of all our contributors (https://github.com/huggingface/transformers/graphs/contributors)
Author-email: transformers@huggingface.co
License: Apache 2.0 License
Location: /home/hjalte/.local/share/pix2tex-venv/lib/python3.11/site-packages
Requires: huggingface-hub, numpy, packaging, pyyaml, regex, safetensors, tokenizers, tqdm, typer
Required-by: pix2tex

Import checks:
OK torch: 2.11.0+cu130
OK torchvision: 0.26.0+cu130
OK transformers: 5.8.0
OK pix2tex: unknown
OK PIL: 12.2.0
OK cv2: 4.13.0
torch.cuda.is_available: False

Last install log lines:
Downloading pillow-12.2.0-cp311-cp311-manylinux_2_27_x86_64.manylinux_2_28_x86_64.whl (7.1 MB)
   ━━━━━━━━━━━━━━━━━━━━━━━━━━━━━━━━━━━━━━━━ 7.1/7.1 MB 8.1 MB/s  0:00:00
Using cached pydantic-2.13.4-py3-none-any.whl (472 kB)
Downloading pydantic_core-2.46.4-cp311-cp311-manylinux_2_17_x86_64.manylinux2014_x86_64.whl (2.1 MB)
   ━━━━━━━━━━━━━━━━━━━━━━━━━━━━━━━━━━━━━━━━ 2.1/2.1 MB 6.7 MB/s  0:00:00
Using cached annotated_types-0.7.0-py3-none-any.whl (13 kB)
Using cached python_dateutil-2.9.0.post0-py2.py3-none-any.whl (229 kB)
Downloading pyyaml-6.0.3-cp311-cp311-manylinux2014_x86_64.manylinux_2_17_x86_64.manylinux_2_28_x86_64.whl (806 kB)
   ━━━━━━━━━━━━━━━━━━━━━━━━━━━━━━━━━━━━━━━━ 806.6/806.6 kB 6.6 MB/s  0:00:00
Using cached requests-2.33.1-py3-none-any.whl (64 kB)
Downloading charset_normalizer-3.4.7-cp311-cp311-manylinux2014_x86_64.manylinux_2_17_x86_64.manylinux_2_28_x86_64.whl (214 kB)
Using cached idna-3.13-py3-none-any.whl (68 kB)
Using cached urllib3-2.7.0-py3-none-any.whl (131 kB)
Using cached certifi-2026.4.22-py3-none-any.whl (135 kB)
Downloading scipy-1.17.1-cp311-cp311-manylinux_2_27_x86_64.manylinux_2_28_x86_64.whl (35.3 MB)
   ━━━━━━━━━━━━━━━━━━━━━━━━━━━━━━━━━━━━━━━━ 35.3/35.3 MB 8.4 MB/s  0:00:04
Downloading simsimd-6.5.16-cp311-cp311-manylinux2014_x86_64.manylinux_2_17_x86_64.manylinux_2_28_x86_64.whl (583 kB)
   ━━━━━━━━━━━━━━━━━━━━━━━━━━━━━━━━━━━━━━━━ 583.8/583.8 kB 9.9 MB/s  0:00:00
Using cached six-1.17.0-py2.py3-none-any.whl (11 kB)
Downloading stringzilla-4.6.1-cp311-cp311-manylinux_2_17_x86_64.manylinux2014_x86_64.manylinux_2_28_x86_64.whl (2.1 MB)
   ━━━━━━━━━━━━━━━━━━━━━━━━━━━━━━━━━━━━━━━━ 2.1/2.1 MB 8.3 MB/s  0:00:00
Using cached huggingface_hub-1.14.0-py3-none-any.whl (661 kB)
Using cached hf_xet-1.5.0-cp37-abi3-manylinux2014_x86_64.manylinux_2_17_x86_64.whl (4.5 MB)
Using cached httpx-0.28.1-py3-none-any.whl (73 kB)
Using cached httpcore-1.0.9-py3-none-any.whl (78 kB)
Using cached filelock-3.29.0-py3-none-any.whl (39 kB)
Using cached fsspec-2026.4.0-py3-none-any.whl (203 kB)
Using cached h11-0.16.0-py3-none-any.whl (37 kB)
Using cached packaging-26.2-py3-none-any.whl (100 kB)
Downloading torch-2.11.0-cp311-cp311-manylinux_2_28_x86_64.whl (530.6 MB)
   ━━━━━━━━━━━━━━━━━━━━━━━━━━━━━━━━━━━━━━━━ 530.6/530.6 MB 7.9 MB/s  0:01:06
Using cached cuda_toolkit-13.0.2-py2.py3-none-any.whl (2.4 kB)
Using cached nvidia_cudnn_cu13-9.19.0.56-py3-none-manylinux_2_27_x86_64.whl (366.1 MB)
Using cached nvidia_cusparselt_cu13-0.8.0-py3-none-manylinux2014_x86_64.whl (169.9 MB)
Using cached nvidia_nccl_cu13-2.28.9-py3-none-manylinux_2_18_x86_64.whl (196.5 MB)
Using cached nvidia_nvshmem_cu13-3.4.5-py3-none-manylinux2014_x86_64.manylinux_2_17_x86_64.whl (60.4 MB)
Downloading triton-3.6.0-cp311-cp311-manylinux_2_27_x86_64.manylinux_2_28_x86_64.whl (188.2 MB)
   ━━━━━━━━━━━━━━━━━━━━━━━━━━━━━━━━━━━━━━━━ 188.2/188.2 MB 8.1 MB/s  0:00:23
Downloading cuda_bindings-13.2.0-cp311-cp311-manylinux_2_24_x86_64.manylinux_2_28_x86_64.whl (6.3 MB)
   ━━━━━━━━━━━━━━━━━━━━━━━━━━━━━━━━━━━━━━━━ 6.3/6.3 MB 7.9 MB/s  0:00:00
Using cached cuda_pathfinder-1.5.4-py3-none-any.whl (51 kB)
Using cached nvidia_cublas-13.1.0.3-py3-none-manylinux_2_27_x86_64.whl (423.1 MB)
Using cached nvidia_cuda_cupti-13.0.85-py3-none-manylinux_2_25_x86_64.whl (10.7 MB)
Using cached nvidia_cuda_nvrtc-13.0.88-py3-none-manylinux2010_x86_64.manylinux_2_12_x86_64.whl (90.2 MB)
Using cached nvidia_cuda_runtime-13.0.96-py3-none-manylinux2014_x86_64.manylinux_2_17_x86_64.whl (2.2 MB)
Using cached nvidia_cufft-12.0.0.61-py3-none-manylinux2014_x86_64.manylinux_2_17_x86_64.whl (214.1 MB)
Using cached nvidia_cufile-1.15.1.6-py3-none-manylinux2014_x86_64.manylinux_2_17_x86_64.whl (1.2 MB)
Using cached nvidia_curand-10.4.0.35-py3-none-manylinux_2_27_x86_64.whl (59.5 MB)
Using cached nvidia_cusolver-12.0.4.66-py3-none-manylinux_2_27_x86_64.whl (200.9 MB)
Using cached nvidia_cusparse-12.6.3.3-py3-none-manylinux2014_x86_64.manylinux_2_17_x86_64.whl (145.9 MB)
Using cached nvidia_nvjitlink-13.0.88-py3-none-manylinux2010_x86_64.manylinux_2_12_x86_64.whl (40.7 MB)
Using cached nvidia_nvtx-13.0.85-py3-none-manylinux1_x86_64.manylinux_2_5_x86_64.whl (148 kB)
Using cached networkx-3.6.1-py3-none-any.whl (2.1 MB)
Using cached sympy-1.14.0-py3-none-any.whl (6.3 MB)
Using cached mpmath-1.3.0-py3-none-any.whl (536 kB)
Using cached tqdm-4.67.3-py3-none-any.whl (78 kB)
Using cached transformers-5.8.0-py3-none-any.whl (10.6 MB)
Using cached tokenizers-0.22.2-cp39-abi3-manylinux_2_17_x86_64.manylinux2014_x86_64.whl (3.3 MB)
Downloading regex-2026.5.9-cp311-cp311-manylinux2014_x86_64.manylinux_2_17_x86_64.manylinux_2_28_x86_64.whl (799 kB)
   ━━━━━━━━━━━━━━━━━━━━━━━━━━━━━━━━━━━━━━━━ 799.8/799.8 kB 7.6 MB/s  0:00:00
Using cached safetensors-0.7.0-cp38-abi3-manylinux_2_17_x86_64.manylinux2014_x86_64.whl (507 kB)
Using cached typer-0.25.1-py3-none-any.whl (58 kB)
Using cached annotated_doc-0.0.4-py3-none-any.whl (5.3 kB)
Using cached click-8.3.3-py3-none-any.whl (110 kB)
Using cached rich-15.0.0-py3-none-any.whl (310 kB)
Using cached pygments-2.20.0-py3-none-any.whl (1.2 MB)
Using cached markdown_it_py-4.2.0-py3-none-any.whl (91 kB)
Using cached mdurl-0.1.2-py3-none-any.whl (10.0 kB)
Using cached shellingham-1.5.4-py2.py3-none-any.whl (9.8 kB)
Using cached typing_extensions-4.15.0-py3-none-any.whl (44 kB)
Using cached typing_inspection-0.4.2-py3-none-any.whl (14 kB)
Using cached anyio-4.13.0-py3-none-any.whl (114 kB)
Using cached entmax-1.3-py3-none-any.whl (13 kB)
Using cached jinja2-3.1.6-py3-none-any.whl (134 kB)
Downloading markupsafe-3.0.3-cp311-cp311-manylinux2014_x86_64.manylinux_2_17_x86_64.manylinux_2_28_x86_64.whl (22 kB)
Downloading torchvision-0.26.0-cp311-cp311-manylinux_2_28_x86_64.whl (7.5 MB)
   ━━━━━━━━━━━━━━━━━━━━━━━━━━━━━━━━━━━━━━━━ 7.5/7.5 MB 8.1 MB/s  0:00:00
Installing collected packages: simsimd, nvidia-cusparselt-cu13, mpmath, cuda-toolkit, urllib3, typing-extensions, triton, tqdm, sympy, stringzilla, six, shellingham, safetensors, regex, PyYAML, pygments, Pillow, packaging, nvidia-nvtx, nvidia-nvshmem-cu13, nvidia-nvjitlink, nvidia-nccl-cu13, nvidia-curand, nvidia-cufile, nvidia-cuda-runtime, nvidia-cuda-nvrtc, nvidia-cuda-cupti, nvidia-cublas, numpy, networkx, munch, mdurl, MarkupSafe, idna, hf-xet, h11, fsspec, filelock, einops, cuda-pathfinder, click, charset_normalizer, certifi, annotated-types, annotated-doc, typing-inspection, scipy, requests, python-dateutil, pydantic-core, opencv-python-headless, nvidia-cusparse, nvidia-cufft, nvidia-cudnn-cu13, markdown-it-py, jinja2, httpcore, cuda-bindings, anyio, rich, pydantic, pandas, nvidia-cusolver, httpx, albucore, typer, albumentations, torch, huggingface-hub, torchvision, tokenizers, entmax, x-transformers, transformers, timm, pix2tex

Successfully installed MarkupSafe-3.0.3 Pillow-12.2.0 PyYAML-6.0.3 albucore-0.0.23 albumentations-1.4.24 annotated-doc-0.0.4 annotated-types-0.7.0 anyio-4.13.0 certifi-2026.4.22 charset_normalizer-3.4.7 click-8.3.3 cuda-bindings-13.2.0 cuda-pathfinder-1.5.4 cuda-toolkit-13.0.2 einops-0.8.2 entmax-1.3 filelock-3.29.0 fsspec-2026.4.0 h11-0.16.0 hf-xet-1.5.0 httpcore-1.0.9 httpx-0.28.1 huggingface-hub-1.14.0 idna-3.13 jinja2-3.1.6 markdown-it-py-4.2.0 mdurl-0.1.2 mpmath-1.3.0 munch-4.0.0 networkx-3.6.1 numpy-2.4.4 nvidia-cublas-13.1.0.3 nvidia-cuda-cupti-13.0.85 nvidia-cuda-nvrtc-13.0.88 nvidia-cuda-runtime-13.0.96 nvidia-cudnn-cu13-9.19.0.56 nvidia-cufft-12.0.0.61 nvidia-cufile-1.15.1.6 nvidia-curand-10.4.0.35 nvidia-cusolver-12.0.4.66 nvidia-cusparse-12.6.3.3 nvidia-cusparselt-cu13-0.8.0 nvidia-nccl-cu13-2.28.9 nvidia-nvjitlink-13.0.88 nvidia-nvshmem-cu13-3.4.5 nvidia-nvtx-13.0.85 opencv-python-headless-4.13.0.92 packaging-26.2 pandas-3.0.2 pix2tex-0.1.4 pydantic-2.13.4 pydantic-core-2.46.4 pygments-2.20.0 python-dateutil-2.9.0.post0 regex-2026.5.9 requests-2.33.1 rich-15.0.0 safetensors-0.7.0 scipy-1.17.1 shellingham-1.5.4 simsimd-6.5.16 six-1.17.0 stringzilla-4.6.1 sympy-1.14.0 timm-0.5.4 tokenizers-0.22.2 torch-2.11.0 torchvision-0.26.0 tqdm-4.67.3 transformers-5.8.0 triton-3.6.0 typer-0.25.1 typing-extensions-4.15.0 typing-inspection-0.4.2 urllib3-2.7.0 x-transformers-0.15.0
