Requirement already satisfied: pip in ./.local/share/pix2tex-venv/lib/python3.13/site-packages (26.1.1)
Collecting pix2tex[gui]
  Using cached pix2tex-0.1.4-py3-none-any.whl.metadata (11 kB)
Collecting tqdm>=4.47.0 (from pix2tex[gui])
  Using cached tqdm-4.67.3-py3-none-any.whl.metadata (57 kB)
Collecting munch>=2.5.0 (from pix2tex[gui])
  Using cached munch-4.0.0-py2.py3-none-any.whl.metadata (5.9 kB)
Collecting torch>=1.7.1 (from pix2tex[gui])
  Using cached torch-2.11.0-cp313-cp313-manylinux_2_28_x86_64.whl.metadata (29 kB)
Collecting opencv-python-headless>=4.1.1.26 (from pix2tex[gui])
  Using cached opencv_python_headless-4.13.0.92-cp37-abi3-manylinux_2_28_x86_64.whl.metadata (19 kB)
Collecting requests>=2.22.0 (from pix2tex[gui])
  Using cached requests-2.33.1-py3-none-any.whl.metadata (4.8 kB)
Collecting einops>=0.3.0 (from pix2tex[gui])
  Using cached einops-0.8.2-py3-none-any.whl.metadata (13 kB)
Collecting x-transformers==0.15.0 (from pix2tex[gui])
  Using cached x_transformers-0.15.0-py3-none-any.whl.metadata (651 bytes)
Collecting transformers>=4.18.0 (from pix2tex[gui])
  Using cached transformers-5.8.0-py3-none-any.whl.metadata (33 kB)
Collecting tokenizers>=0.13.0 (from pix2tex[gui])
  Using cached tokenizers-0.23.1-cp310-abi3-manylinux_2_17_x86_64.manylinux2014_x86_64.whl.metadata (9.8 kB)
Collecting numpy>=1.19.5 (from pix2tex[gui])
  Using cached numpy-2.4.4-cp313-cp313-manylinux_2_27_x86_64.manylinux_2_28_x86_64.whl.metadata (6.6 kB)
Collecting Pillow>=9.1.0 (from pix2tex[gui])
  Using cached pillow-12.2.0-cp313-cp313-manylinux_2_27_x86_64.manylinux_2_28_x86_64.whl.metadata (8.8 kB)
Collecting PyYAML>=5.4.1 (from pix2tex[gui])
  Using cached pyyaml-6.0.3-cp313-cp313-manylinux2014_x86_64.manylinux_2_17_x86_64.manylinux_2_28_x86_64.whl.metadata (2.4 kB)
Collecting pandas>=1.0.0 (from pix2tex[gui])
  Using cached pandas-3.0.2-cp313-cp313-manylinux_2_24_x86_64.manylinux_2_28_x86_64.whl.metadata (79 kB)
Collecting timm==0.5.4 (from pix2tex[gui])
  Using cached timm-0.5.4-py3-none-any.whl.metadata (36 kB)
Collecting albumentations<=1.4.24,>=0.5.2 (from pix2tex[gui])
  Using cached albumentations-1.4.24-py3-none-any.whl.metadata (37 kB)
Collecting PyQt6 (from pix2tex[gui])
  Using cached pyqt6-6.11.0-cp310-abi3-manylinux_2_34_x86_64.whl.metadata (2.1 kB)
Collecting PyQt6-WebEngine (from pix2tex[gui])
  Using cached pyqt6_webengine-6.11.0-cp310-abi3-manylinux_2_34_x86_64.whl.metadata (1.9 kB)
Collecting pyside6 (from pix2tex[gui])
  Using cached pyside6-6.11.0-cp310-abi3-manylinux_2_34_x86_64.whl.metadata (5.3 kB)
Collecting pynput (from pix2tex[gui])
  Using cached pynput-1.8.1-py2.py3-none-any.whl.metadata (32 kB)
Collecting screeninfo (from pix2tex[gui])
  Using cached screeninfo-0.8.1-py3-none-any.whl.metadata (2.9 kB)
Collecting latex2sympy2 (from pix2tex[gui])
  Using cached latex2sympy2-1.9.1-py3-none-any.whl.metadata (6.6 kB)
Collecting torchvision (from timm==0.5.4->pix2tex[gui])
  Using cached torchvision-0.26.0-cp313-cp313-manylinux_2_28_x86_64.whl.metadata (5.5 kB)
Collecting entmax (from x-transformers==0.15.0->pix2tex[gui])
  Using cached entmax-1.3-py3-none-any.whl.metadata (348 bytes)
Collecting scipy>=1.10.0 (from albumentations<=1.4.24,>=0.5.2->pix2tex[gui])
  Using cached scipy-1.17.1-cp313-cp313-manylinux_2_27_x86_64.manylinux_2_28_x86_64.whl.metadata (62 kB)
Collecting pydantic>=2.9.2 (from albumentations<=1.4.24,>=0.5.2->pix2tex[gui])
  Using cached pydantic-2.13.4-py3-none-any.whl.metadata (109 kB)
Collecting albucore==0.0.23 (from albumentations<=1.4.24,>=0.5.2->pix2tex[gui])
  Using cached albucore-0.0.23-py3-none-any.whl.metadata (5.3 kB)
Collecting stringzilla>=3.10.4 (from albucore==0.0.23->albumentations<=1.4.24,>=0.5.2->pix2tex[gui])
  Using cached stringzilla-4.6.1-cp313-cp313-manylinux_2_17_x86_64.manylinux2014_x86_64.manylinux_2_28_x86_64.whl.metadata (121 kB)
Collecting simsimd>=5.9.2 (from albucore==0.0.23->albumentations<=1.4.24,>=0.5.2->pix2tex[gui])
  Using cached simsimd-6.5.16-cp313-cp313-manylinux2014_x86_64.manylinux_2_17_x86_64.manylinux_2_28_x86_64.whl.metadata (70 kB)
Collecting python-dateutil>=2.8.2 (from pandas>=1.0.0->pix2tex[gui])
  Using cached python_dateutil-2.9.0.post0-py2.py3-none-any.whl.metadata (8.4 kB)
Collecting annotated-types>=0.6.0 (from pydantic>=2.9.2->albumentations<=1.4.24,>=0.5.2->pix2tex[gui])
  Using cached annotated_types-0.7.0-py3-none-any.whl.metadata (15 kB)
Collecting pydantic-core==2.46.4 (from pydantic>=2.9.2->albumentations<=1.4.24,>=0.5.2->pix2tex[gui])
  Using cached pydantic_core-2.46.4-cp313-cp313-manylinux_2_17_x86_64.manylinux2014_x86_64.whl.metadata (6.6 kB)
Collecting typing-extensions>=4.14.1 (from pydantic>=2.9.2->albumentations<=1.4.24,>=0.5.2->pix2tex[gui])
  Using cached typing_extensions-4.15.0-py3-none-any.whl.metadata (3.3 kB)
Collecting typing-inspection>=0.4.2 (from pydantic>=2.9.2->albumentations<=1.4.24,>=0.5.2->pix2tex[gui])
  Using cached typing_inspection-0.4.2-py3-none-any.whl.metadata (2.6 kB)
Collecting six>=1.5 (from python-dateutil>=2.8.2->pandas>=1.0.0->pix2tex[gui])
  Using cached six-1.17.0-py2.py3-none-any.whl.metadata (1.7 kB)
Collecting charset_normalizer<4,>=2 (from requests>=2.22.0->pix2tex[gui])
  Using cached charset_normalizer-3.4.7-cp313-cp313-manylinux2014_x86_64.manylinux_2_17_x86_64.manylinux_2_28_x86_64.whl.metadata (40 kB)
Collecting idna<4,>=2.5 (from requests>=2.22.0->pix2tex[gui])
  Using cached idna-3.13-py3-none-any.whl.metadata (8.0 kB)
Collecting urllib3<3,>=1.26 (from requests>=2.22.0->pix2tex[gui])
  Using cached urllib3-2.7.0-py3-none-any.whl.metadata (6.9 kB)
Collecting certifi>=2023.5.7 (from requests>=2.22.0->pix2tex[gui])
  Using cached certifi-2026.4.22-py3-none-any.whl.metadata (2.5 kB)
Collecting huggingface-hub<2.0,>=0.16.4 (from tokenizers>=0.13.0->pix2tex[gui])
  Using cached huggingface_hub-1.14.0-py3-none-any.whl.metadata (14 kB)
Collecting filelock>=3.10.0 (from huggingface-hub<2.0,>=0.16.4->tokenizers>=0.13.0->pix2tex[gui])
  Using cached filelock-3.29.0-py3-none-any.whl.metadata (2.0 kB)
Collecting fsspec>=2023.5.0 (from huggingface-hub<2.0,>=0.16.4->tokenizers>=0.13.0->pix2tex[gui])
  Using cached fsspec-2026.4.0-py3-none-any.whl.metadata (10 kB)
Collecting hf-xet<2.0.0,>=1.4.3 (from huggingface-hub<2.0,>=0.16.4->tokenizers>=0.13.0->pix2tex[gui])
  Using cached hf_xet-1.5.0-cp37-abi3-manylinux2014_x86_64.manylinux_2_17_x86_64.whl.metadata (4.9 kB)
Collecting httpx<1,>=0.23.0 (from huggingface-hub<2.0,>=0.16.4->tokenizers>=0.13.0->pix2tex[gui])
  Using cached httpx-0.28.1-py3-none-any.whl.metadata (7.1 kB)
Collecting packaging>=20.9 (from huggingface-hub<2.0,>=0.16.4->tokenizers>=0.13.0->pix2tex[gui])
  Using cached packaging-26.2-py3-none-any.whl.metadata (3.5 kB)
Collecting typer>=0.20.0 (from huggingface-hub<2.0,>=0.16.4->tokenizers>=0.13.0->pix2tex[gui])
  Using cached typer-0.25.1-py3-none-any.whl.metadata (15 kB)
Collecting anyio (from httpx<1,>=0.23.0->huggingface-hub<2.0,>=0.16.4->tokenizers>=0.13.0->pix2tex[gui])
  Using cached anyio-4.13.0-py3-none-any.whl.metadata (4.5 kB)
Collecting httpcore==1.* (from httpx<1,>=0.23.0->huggingface-hub<2.0,>=0.16.4->tokenizers>=0.13.0->pix2tex[gui])
  Using cached httpcore-1.0.9-py3-none-any.whl.metadata (21 kB)
Collecting h11>=0.16 (from httpcore==1.*->httpx<1,>=0.23.0->huggingface-hub<2.0,>=0.16.4->tokenizers>=0.13.0->pix2tex[gui])
  Using cached h11-0.16.0-py3-none-any.whl.metadata (8.3 kB)
Collecting setuptools<82 (from torch>=1.7.1->pix2tex[gui])
  Using cached setuptools-81.0.0-py3-none-any.whl.metadata (6.6 kB)
Collecting sympy>=1.13.3 (from torch>=1.7.1->pix2tex[gui])
  Using cached sympy-1.14.0-py3-none-any.whl.metadata (12 kB)
Collecting networkx>=2.5.1 (from torch>=1.7.1->pix2tex[gui])
  Using cached networkx-3.6.1-py3-none-any.whl.metadata (6.8 kB)
Collecting jinja2 (from torch>=1.7.1->pix2tex[gui])
  Using cached jinja2-3.1.6-py3-none-any.whl.metadata (2.9 kB)
Collecting cuda-toolkit==13.0.2 (from cuda-toolkit[cublas,cudart,cufft,cufile,cupti,curand,cusolver,cusparse,nvjitlink,nvrtc,nvtx]==13.0.2; platform_system == "Linux"->torch>=1.7.1->pix2tex[gui])
  Using cached cuda_toolkit-13.0.2-py2.py3-none-any.whl.metadata (9.4 kB)
Collecting cuda-bindings<14,>=13.0.3 (from torch>=1.7.1->pix2tex[gui])
  Using cached cuda_bindings-13.2.0-cp313-cp313-manylinux_2_24_x86_64.manylinux_2_28_x86_64.whl.metadata (2.3 kB)
Collecting nvidia-cudnn-cu13==9.19.0.56 (from torch>=1.7.1->pix2tex[gui])
  Using cached nvidia_cudnn_cu13-9.19.0.56-py3-none-manylinux_2_27_x86_64.whl.metadata (1.9 kB)
Collecting nvidia-cusparselt-cu13==0.8.0 (from torch>=1.7.1->pix2tex[gui])
  Using cached nvidia_cusparselt_cu13-0.8.0-py3-none-manylinux2014_x86_64.whl.metadata (12 kB)
Collecting nvidia-nccl-cu13==2.28.9 (from torch>=1.7.1->pix2tex[gui])
  Using cached nvidia_nccl_cu13-2.28.9-py3-none-manylinux_2_18_x86_64.whl.metadata (2.0 kB)
Collecting nvidia-nvshmem-cu13==3.4.5 (from torch>=1.7.1->pix2tex[gui])
  Using cached nvidia_nvshmem_cu13-3.4.5-py3-none-manylinux2014_x86_64.manylinux_2_17_x86_64.whl.metadata (2.1 kB)
Collecting triton==3.6.0 (from torch>=1.7.1->pix2tex[gui])
  Using cached triton-3.6.0-cp313-cp313-manylinux_2_27_x86_64.manylinux_2_28_x86_64.whl.metadata (1.7 kB)
Collecting nvidia-cublas==13.1.0.3.* (from cuda-toolkit[cublas,cudart,cufft,cufile,cupti,curand,cusolver,cusparse,nvjitlink,nvrtc,nvtx]==13.0.2; platform_system == "Linux"->torch>=1.7.1->pix2tex[gui])
  Using cached nvidia_cublas-13.1.0.3-py3-none-manylinux_2_27_x86_64.whl.metadata (1.7 kB)
Collecting nvidia-cuda-runtime==13.0.96.* (from cuda-toolkit[cublas,cudart,cufft,cufile,cupti,curand,cusolver,cusparse,nvjitlink,nvrtc,nvtx]==13.0.2; platform_system == "Linux"->torch>=1.7.1->pix2tex[gui])
  Using cached nvidia_cuda_runtime-13.0.96-py3-none-manylinux2014_x86_64.manylinux_2_17_x86_64.whl.metadata (1.7 kB)
Collecting nvidia-cufft==12.0.0.61.* (from cuda-toolkit[cublas,cudart,cufft,cufile,cupti,curand,cusolver,cusparse,nvjitlink,nvrtc,nvtx]==13.0.2; platform_system == "Linux"->torch>=1.7.1->pix2tex[gui])
  Using cached nvidia_cufft-12.0.0.61-py3-none-manylinux2014_x86_64.manylinux_2_17_x86_64.whl.metadata (1.8 kB)
Collecting nvidia-cufile==1.15.1.6.* (from cuda-toolkit[cublas,cudart,cufft,cufile,cupti,curand,cusolver,cusparse,nvjitlink,nvrtc,nvtx]==13.0.2; platform_system == "Linux"->torch>=1.7.1->pix2tex[gui])
  Using cached nvidia_cufile-1.15.1.6-py3-none-manylinux2014_x86_64.manylinux_2_17_x86_64.whl.metadata (1.7 kB)
Collecting nvidia-cuda-cupti==13.0.85.* (from cuda-toolkit[cublas,cudart,cufft,cufile,cupti,curand,cusolver,cusparse,nvjitlink,nvrtc,nvtx]==13.0.2; platform_system == "Linux"->torch>=1.7.1->pix2tex[gui])
  Using cached nvidia_cuda_cupti-13.0.85-py3-none-manylinux_2_25_x86_64.whl.metadata (1.7 kB)
Collecting nvidia-curand==10.4.0.35.* (from cuda-toolkit[cublas,cudart,cufft,cufile,cupti,curand,cusolver,cusparse,nvjitlink,nvrtc,nvtx]==13.0.2; platform_system == "Linux"->torch>=1.7.1->pix2tex[gui])
  Using cached nvidia_curand-10.4.0.35-py3-none-manylinux_2_27_x86_64.whl.metadata (1.7 kB)
Collecting nvidia-cusolver==12.0.4.66.* (from cuda-toolkit[cublas,cudart,cufft,cufile,cupti,curand,cusolver,cusparse,nvjitlink,nvrtc,nvtx]==13.0.2; platform_system == "Linux"->torch>=1.7.1->pix2tex[gui])
  Using cached nvidia_cusolver-12.0.4.66-py3-none-manylinux_2_27_x86_64.whl.metadata (1.8 kB)
Collecting nvidia-cusparse==12.6.3.3.* (from cuda-toolkit[cublas,cudart,cufft,cufile,cupti,curand,cusolver,cusparse,nvjitlink,nvrtc,nvtx]==13.0.2; platform_system == "Linux"->torch>=1.7.1->pix2tex[gui])
  Using cached nvidia_cusparse-12.6.3.3-py3-none-manylinux2014_x86_64.manylinux_2_17_x86_64.whl.metadata (1.8 kB)
Collecting nvidia-nvjitlink==13.0.88.* (from cuda-toolkit[cublas,cudart,cufft,cufile,cupti,curand,cusolver,cusparse,nvjitlink,nvrtc,nvtx]==13.0.2; platform_system == "Linux"->torch>=1.7.1->pix2tex[gui])
  Using cached nvidia_nvjitlink-13.0.88-py3-none-manylinux2010_x86_64.manylinux_2_12_x86_64.whl.metadata (1.7 kB)
Collecting nvidia-cuda-nvrtc==13.0.88.* (from cuda-toolkit[cublas,cudart,cufft,cufile,cupti,curand,cusolver,cusparse,nvjitlink,nvrtc,nvtx]==13.0.2; platform_system == "Linux"->torch>=1.7.1->pix2tex[gui])
  Using cached nvidia_cuda_nvrtc-13.0.88-py3-none-manylinux2010_x86_64.manylinux_2_12_x86_64.whl.metadata (1.7 kB)
Collecting nvidia-nvtx==13.0.85.* (from cuda-toolkit[cublas,cudart,cufft,cufile,cupti,curand,cusolver,cusparse,nvjitlink,nvrtc,nvtx]==13.0.2; platform_system == "Linux"->torch>=1.7.1->pix2tex[gui])
  Using cached nvidia_nvtx-13.0.85-py3-none-manylinux1_x86_64.manylinux_2_5_x86_64.whl.metadata (1.8 kB)
Collecting cuda-pathfinder~=1.1 (from cuda-bindings<14,>=13.0.3->torch>=1.7.1->pix2tex[gui])
  Using cached cuda_pathfinder-1.5.4-py3-none-any.whl.metadata (1.9 kB)
Collecting mpmath<1.4,>=1.1.0 (from sympy>=1.13.3->torch>=1.7.1->pix2tex[gui])
  Using cached mpmath-1.3.0-py3-none-any.whl.metadata (8.6 kB)
Collecting regex>=2025.10.22 (from transformers>=4.18.0->pix2tex[gui])
  Using cached regex-2026.5.9-cp313-cp313-manylinux2014_x86_64.manylinux_2_17_x86_64.manylinux_2_28_x86_64.whl.metadata (40 kB)
Collecting tokenizers>=0.13.0 (from pix2tex[gui])
  Using cached tokenizers-0.22.2-cp39-abi3-manylinux_2_17_x86_64.manylinux2014_x86_64.whl.metadata (7.3 kB)
Collecting safetensors>=0.4.3 (from transformers>=4.18.0->pix2tex[gui])
  Using cached safetensors-0.7.0-cp38-abi3-manylinux_2_17_x86_64.manylinux2014_x86_64.whl.metadata (4.1 kB)
Collecting click>=8.2.1 (from typer>=0.20.0->huggingface-hub<2.0,>=0.16.4->tokenizers>=0.13.0->pix2tex[gui])
  Using cached click-8.3.3-py3-none-any.whl.metadata (2.6 kB)
Collecting shellingham>=1.3.0 (from typer>=0.20.0->huggingface-hub<2.0,>=0.16.4->tokenizers>=0.13.0->pix2tex[gui])
  Using cached shellingham-1.5.4-py2.py3-none-any.whl.metadata (3.5 kB)
Collecting rich>=13.8.0 (from typer>=0.20.0->huggingface-hub<2.0,>=0.16.4->tokenizers>=0.13.0->pix2tex[gui])
  Using cached rich-15.0.0-py3-none-any.whl.metadata (18 kB)
Collecting annotated-doc>=0.0.2 (from typer>=0.20.0->huggingface-hub<2.0,>=0.16.4->tokenizers>=0.13.0->pix2tex[gui])
  Using cached annotated_doc-0.0.4-py3-none-any.whl.metadata (6.6 kB)
Collecting markdown-it-py>=2.2.0 (from rich>=13.8.0->typer>=0.20.0->huggingface-hub<2.0,>=0.16.4->tokenizers>=0.13.0->pix2tex[gui])
  Using cached markdown_it_py-4.2.0-py3-none-any.whl.metadata (7.4 kB)
Collecting pygments<3.0.0,>=2.13.0 (from rich>=13.8.0->typer>=0.20.0->huggingface-hub<2.0,>=0.16.4->tokenizers>=0.13.0->pix2tex[gui])
  Using cached pygments-2.20.0-py3-none-any.whl.metadata (2.5 kB)
Collecting mdurl~=0.1 (from markdown-it-py>=2.2.0->rich>=13.8.0->typer>=0.20.0->huggingface-hub<2.0,>=0.16.4->tokenizers>=0.13.0->pix2tex[gui])
  Using cached mdurl-0.1.2-py3-none-any.whl.metadata (1.6 kB)
Collecting MarkupSafe>=2.0 (from jinja2->torch>=1.7.1->pix2tex[gui])
  Using cached markupsafe-3.0.3-cp313-cp313-manylinux2014_x86_64.manylinux_2_17_x86_64.manylinux_2_28_x86_64.whl.metadata (2.7 kB)
Collecting antlr4-python3-runtime==4.7.2 (from latex2sympy2->pix2tex[gui])
  Using cached antlr4_python3_runtime-4.7.2-py3-none-any.whl
Collecting evdev>=1.3 (from pynput->pix2tex[gui])
  Using cached evdev-1.9.3.tar.gz (32 kB)
  Installing build dependencies: started
  Installing build dependencies: finished with status 'done'
  Getting requirements to build wheel: started
  Getting requirements to build wheel: finished with status 'done'
  Preparing metadata (pyproject.toml): started
  Preparing metadata (pyproject.toml): finished with status 'done'
Collecting python-xlib>=0.17 (from pynput->pix2tex[gui])
  Using cached python_xlib-0.33-py2.py3-none-any.whl.metadata (6.2 kB)
Collecting PyQt6-sip<14,>=13.8 (from PyQt6->pix2tex[gui])
  Using cached pyqt6_sip-13.11.1-cp313-cp313-manylinux1_x86_64.manylinux_2_5_x86_64.whl.metadata (495 bytes)
Collecting PyQt6-Qt6<6.12.0,>=6.11.0 (from PyQt6->pix2tex[gui])
  Using cached pyqt6_qt6-6.11.0-py3-none-manylinux_2_34_x86_64.whl.metadata (535 bytes)
Collecting PyQt6-WebEngine-Qt6<6.12.0,>=6.11.0 (from PyQt6-WebEngine->pix2tex[gui])
  Using cached pyqt6_webengine_qt6-6.11.0-py3-none-manylinux_2_34_x86_64.whl.metadata (575 bytes)
Collecting shiboken6==6.11.0 (from pyside6->pix2tex[gui])
  Using cached shiboken6-6.11.0-cp310-abi3-manylinux_2_34_x86_64.whl.metadata (2.4 kB)
Collecting PySide6_Essentials==6.11.0 (from pyside6->pix2tex[gui])
  Using cached pyside6_essentials-6.11.0-cp310-abi3-manylinux_2_34_x86_64.whl.metadata (3.6 kB)
Collecting PySide6_Addons==6.11.0 (from pyside6->pix2tex[gui])
  Using cached pyside6_addons-6.11.0-cp310-abi3-manylinux_2_34_x86_64.whl.metadata (4.0 kB)
Using cached pix2tex-0.1.4-py3-none-any.whl (427 kB)
Using cached timm-0.5.4-py3-none-any.whl (431 kB)
Using cached x_transformers-0.15.0-py3-none-any.whl (11 kB)
Using cached albumentations-1.4.24-py3-none-any.whl (274 kB)
Using cached albucore-0.0.23-py3-none-any.whl (14 kB)
Using cached einops-0.8.2-py3-none-any.whl (65 kB)
Using cached munch-4.0.0-py2.py3-none-any.whl (9.9 kB)
Using cached numpy-2.4.4-cp313-cp313-manylinux_2_27_x86_64.manylinux_2_28_x86_64.whl (16.6 MB)
Using cached opencv_python_headless-4.13.0.92-cp37-abi3-manylinux_2_28_x86_64.whl (60.4 MB)
Using cached pandas-3.0.2-cp313-cp313-manylinux_2_24_x86_64.manylinux_2_28_x86_64.whl (10.9 MB)
Using cached pillow-12.2.0-cp313-cp313-manylinux_2_27_x86_64.manylinux_2_28_x86_64.whl (7.1 MB)
Using cached pydantic-2.13.4-py3-none-any.whl (472 kB)
Using cached pydantic_core-2.46.4-cp313-cp313-manylinux_2_17_x86_64.manylinux2014_x86_64.whl (2.1 MB)
Using cached annotated_types-0.7.0-py3-none-any.whl (13 kB)
Using cached python_dateutil-2.9.0.post0-py2.py3-none-any.whl (229 kB)
Using cached pyyaml-6.0.3-cp313-cp313-manylinux2014_x86_64.manylinux_2_17_x86_64.manylinux_2_28_x86_64.whl (801 kB)
Using cached requests-2.33.1-py3-none-any.whl (64 kB)
Using cached charset_normalizer-3.4.7-cp313-cp313-manylinux2014_x86_64.manylinux_2_17_x86_64.manylinux_2_28_x86_64.whl (215 kB)
Using cached idna-3.13-py3-none-any.whl (68 kB)
Using cached urllib3-2.7.0-py3-none-any.whl (131 kB)
Using cached certifi-2026.4.22-py3-none-any.whl (135 kB)
Using cached scipy-1.17.1-cp313-cp313-manylinux_2_27_x86_64.manylinux_2_28_x86_64.whl (35.2 MB)
Using cached simsimd-6.5.16-cp313-cp313-manylinux2014_x86_64.manylinux_2_17_x86_64.manylinux_2_28_x86_64.whl (583 kB)
Using cached six-1.17.0-py2.py3-none-any.whl (11 kB)
Using cached stringzilla-4.6.1-cp313-cp313-manylinux_2_17_x86_64.manylinux2014_x86_64.manylinux_2_28_x86_64.whl (2.1 MB)
Using cached huggingface_hub-1.14.0-py3-none-any.whl (661 kB)
Using cached hf_xet-1.5.0-cp37-abi3-manylinux2014_x86_64.manylinux_2_17_x86_64.whl (4.5 MB)
Using cached httpx-0.28.1-py3-none-any.whl (73 kB)
Using cached httpcore-1.0.9-py3-none-any.whl (78 kB)
Using cached filelock-3.29.0-py3-none-any.whl (39 kB)
Using cached fsspec-2026.4.0-py3-none-any.whl (203 kB)
Using cached h11-0.16.0-py3-none-any.whl (37 kB)
Using cached packaging-26.2-py3-none-any.whl (100 kB)
Using cached torch-2.11.0-cp313-cp313-manylinux_2_28_x86_64.whl (530.7 MB)
Using cached cuda_toolkit-13.0.2-py2.py3-none-any.whl (2.4 kB)
Using cached nvidia_cudnn_cu13-9.19.0.56-py3-none-manylinux_2_27_x86_64.whl (366.1 MB)
Using cached nvidia_cusparselt_cu13-0.8.0-py3-none-manylinux2014_x86_64.whl (169.9 MB)
Using cached nvidia_nccl_cu13-2.28.9-py3-none-manylinux_2_18_x86_64.whl (196.5 MB)
Using cached nvidia_nvshmem_cu13-3.4.5-py3-none-manylinux2014_x86_64.manylinux_2_17_x86_64.whl (60.4 MB)
Using cached triton-3.6.0-cp313-cp313-manylinux_2_27_x86_64.manylinux_2_28_x86_64.whl (188.3 MB)
Using cached cuda_bindings-13.2.0-cp313-cp313-manylinux_2_24_x86_64.manylinux_2_28_x86_64.whl (6.1 MB)
Using cached cuda_pathfinder-1.5.4-py3-none-any.whl (51 kB)
Using cached nvidia_cublas-13.1.0.3-py3-none-manylinux_2_27_x86_64.whl (423.1 MB)
Using cached nvidia_cuda_cupti-13.0.85-py3-none-manylinux_2_25_x86_64.whl (10.7 MB)
Using cached nvidia_cuda_nvrtc-13.0.88-py3-none-manylinux2010_x86_64.manylinux_2_12_x86_64.whl (90.2 MB)
Using cached nvidia_cuda_runtime-13.0.96-py3-none-manylinux2014_x86_64.manylinux_2_17_x86_64.whl (2.2 MB)
Using cached nvidia_cufft-12.0.0.61-py3-none-manylinux2014_x86_64.manylinux_2_17_x86_64.whl (214.1 MB)
Using cached nvidia_cufile-1.15.1.6-py3-none-manylinux2014_x86_64.manylinux_2_17_x86_64.whl (1.2 MB)
Using cached nvidia_curand-10.4.0.35-py3-none-manylinux_2_27_x86_64.whl (59.5 MB)
Using cached nvidia_cusolver-12.0.4.66-py3-none-manylinux_2_27_x86_64.whl (200.9 MB)
Using cached nvidia_cusparse-12.6.3.3-py3-none-manylinux2014_x86_64.manylinux_2_17_x86_64.whl (145.9 MB)
Using cached nvidia_nvjitlink-13.0.88-py3-none-manylinux2010_x86_64.manylinux_2_12_x86_64.whl (40.7 MB)
Using cached nvidia_nvtx-13.0.85-py3-none-manylinux1_x86_64.manylinux_2_5_x86_64.whl (148 kB)
Using cached setuptools-81.0.0-py3-none-any.whl (1.1 MB)
Using cached networkx-3.6.1-py3-none-any.whl (2.1 MB)
Using cached sympy-1.14.0-py3-none-any.whl (6.3 MB)
Using cached mpmath-1.3.0-py3-none-any.whl (536 kB)
Using cached tqdm-4.67.3-py3-none-any.whl (78 kB)
Using cached transformers-5.8.0-py3-none-any.whl (10.6 MB)
Using cached tokenizers-0.22.2-cp39-abi3-manylinux_2_17_x86_64.manylinux2014_x86_64.whl (3.3 MB)
Using cached regex-2026.5.9-cp313-cp313-manylinux2014_x86_64.manylinux_2_17_x86_64.manylinux_2_28_x86_64.whl (801 kB)
Using cached safetensors-0.7.0-cp38-abi3-manylinux_2_17_x86_64.manylinux2014_x86_64.whl (507 kB)
Using cached typer-0.25.1-py3-none-any.whl (58 kB)
Using cached annotated_doc-0.0.4-py3-none-any.whl (5.3 kB)
Using cached click-8.3.3-py3-none-any.whl (110 kB)
Using cached rich-15.0.0-py3-none-any.whl (310 kB)
Using cached pygments-2.20.0-py3-none-any.whl (1.2 MB)
Using cached markdown_it_py-4.2.0-py3-none-any.whl (91 kB)
Using cached mdurl-0.1.2-py3-none-any.whl (10.0 kB)
Using cached shellingham-1.5.4-py2.py3-none-any.whl (9.8 kB)
Using cached typing_extensions-4.15.0-py3-none-any.whl (44 kB)
Using cached typing_inspection-0.4.2-py3-none-any.whl (14 kB)
Using cached anyio-4.13.0-py3-none-any.whl (114 kB)
Using cached entmax-1.3-py3-none-any.whl (13 kB)
Using cached jinja2-3.1.6-py3-none-any.whl (134 kB)
Using cached markupsafe-3.0.3-cp313-cp313-manylinux2014_x86_64.manylinux_2_17_x86_64.manylinux_2_28_x86_64.whl (22 kB)
Using cached latex2sympy2-1.9.1-py3-none-any.whl (89 kB)
Using cached pynput-1.8.1-py2.py3-none-any.whl (91 kB)
Using cached python_xlib-0.33-py2.py3-none-any.whl (182 kB)
Using cached pyqt6-6.11.0-cp310-abi3-manylinux_2_34_x86_64.whl (8.3 MB)
Using cached pyqt6_qt6-6.11.0-py3-none-manylinux_2_34_x86_64.whl (85.8 MB)
Using cached pyqt6_sip-13.11.1-cp313-cp313-manylinux1_x86_64.manylinux_2_5_x86_64.whl (299 kB)
Using cached pyqt6_webengine-6.11.0-cp310-abi3-manylinux_2_34_x86_64.whl (318 kB)
Using cached pyqt6_webengine_qt6-6.11.0-py3-none-manylinux_2_34_x86_64.whl (116.3 MB)
Using cached pyside6-6.11.0-cp310-abi3-manylinux_2_34_x86_64.whl (571 kB)
Using cached pyside6_addons-6.11.0-cp310-abi3-manylinux_2_34_x86_64.whl (174.9 MB)
Using cached pyside6_essentials-6.11.0-cp310-abi3-manylinux_2_34_x86_64.whl (78.3 MB)
Using cached shiboken6-6.11.0-cp310-abi3-manylinux_2_34_x86_64.whl (271 kB)
Using cached screeninfo-0.8.1-py3-none-any.whl (12 kB)
Using cached torchvision-0.26.0-cp313-cp313-manylinux_2_28_x86_64.whl (7.5 MB)
Building wheels for collected packages: evdev
  Building wheel for evdev (pyproject.toml): started
  Building wheel for evdev (pyproject.toml): finished with status 'error'
  error: subprocess-exited-with-error
  
  × Building wheel for evdev (pyproject.toml) did not run successfully.
  │ exit code: 1
  ╰─> [53 lines of output]
      running bdist_wheel
      running build
      running build_py
      creating build/lib.linux-x86_64-cpython-313/evdev
      copying src/evdev/ff.py -> build/lib.linux-x86_64-cpython-313/evdev
      copying src/evdev/util.py -> build/lib.linux-x86_64-cpython-313/evdev
      copying src/evdev/__init__.py -> build/lib.linux-x86_64-cpython-313/evdev
      copying src/evdev/genecodes_py.py -> build/lib.linux-x86_64-cpython-313/evdev
      copying src/evdev/eventio.py -> build/lib.linux-x86_64-cpython-313/evdev
      copying src/evdev/ecodes_runtime.py -> build/lib.linux-x86_64-cpython-313/evdev
      copying src/evdev/evtest.py -> build/lib.linux-x86_64-cpython-313/evdev
      copying src/evdev/eventio_async.py -> build/lib.linux-x86_64-cpython-313/evdev
      copying src/evdev/device.py -> build/lib.linux-x86_64-cpython-313/evdev
      copying src/evdev/genecodes_c.py -> build/lib.linux-x86_64-cpython-313/evdev
      copying src/evdev/uinput.py -> build/lib.linux-x86_64-cpython-313/evdev
      copying src/evdev/ecodes.py -> build/lib.linux-x86_64-cpython-313/evdev
      copying src/evdev/events.py -> build/lib.linux-x86_64-cpython-313/evdev
      running egg_info
      writing src/evdev.egg-info/PKG-INFO
      writing dependency_links to src/evdev.egg-info/dependency_links.txt
      writing top-level names to src/evdev.egg-info/top_level.txt
      reading manifest file 'src/evdev.egg-info/SOURCES.txt'
      reading manifest template 'MANIFEST.in'
      warning: no previously-included files found matching 'src/evdev/ecodes.c'
      adding license file 'LICENSE'
      writing manifest file 'src/evdev.egg-info/SOURCES.txt'
      copying src/evdev/input.c -> build/lib.linux-x86_64-cpython-313/evdev
      copying src/evdev/py.typed -> build/lib.linux-x86_64-cpython-313/evdev
      copying src/evdev/uinput.c -> build/lib.linux-x86_64-cpython-313/evdev
      running build_ext
      running build_ecodes
      The 'linux/input.h' and 'linux/input-event-codes.h' include files
      are missing. You will have to install the kernel header files in
      order to continue:
      
          dnf install kernel-headers-$(uname -r)
          apt-get install linux-headers-$(uname -r)
          emerge sys-kernel/linux-headers
          pacman -S kernel-headers
      
      In case they are installed in a non-standard location, you may use
      the '--evdev-headers' option to specify one or more colon-separated
      paths. For example:
      
          python setup.py \
            build \
            build_ecodes --evdev-headers path/input.h:path/input-event-codes.h \
            build_ext --include-dirs path/ \
            install
      
      If you want to avoid building this package from source, then please consider
      installing the `evdev-binary` package instead. Keep in mind that it may not be
      fully compatible with, or support all the features of your current kernel.
      [end of output]
  
  note: This error originates from a subprocess, and is likely not a problem with pip.
  ERROR: Failed building wheel for evdev
Failed to build evdev
error: failed-wheel-build-for-install

× Failed to build installable wheels for some pyproject.toml based projects
╰─> evdev
